2025-09-17 15:33:20,997 INFO: Attendance System startup [in D:\Real-Time Face Recognition Attendance System\app.py:780]
2025-09-17 15:33:25,049 INFO: Attendance System startup [in D:\Real-Time Face Recognition Attendance System\app.py:780]
2025-09-17 15:36:43,152 INFO: Attendance System startup [in D:\Real-Time Face Recognition Attendance System\app.py:780]
2025-09-17 15:43:47,347 INFO: Attendance System startup [in D:\Real-Time Face Recognition Attendance System\app.py:784]
2025-09-17 15:43:56,519 INFO: Attendance System startup [in D:\Real-Time Face Recognition Attendance System\app.py:784]
2025-09-17 15:44:33,948 INFO: Attendance System startup [in D:\Real-Time Face Recognition Attendance System\app.py:784]
2025-09-17 15:49:52,703 INFO: Attendance System startup [in D:\Real-Time Face Recognition Attendance System\app.py:801]
2025-09-17 15:50:07,059 INFO: Attendance System startup [in D:\Real-Time Face Recognition Attendance System\app.py:804]
2025-09-17 15:50:16,094 INFO: Attendance System startup [in D:\Real-Time Face Recognition Attendance System\app.py:804]
2025-09-17 15:50:26,778 INFO: Attendance System startup [in D:\Real-Time Face Recognition Attendance System\app.py:816]
2025-09-17 15:50:38,385 INFO: Attendance System startup [in D:\Real-Time Face Recognition Attendance System\app.py:828]
2025-09-17 15:51:23,114 INFO: Attendance System startup [in D:\Real-Time Face Recognition Attendance System\app.py:828]
2025-09-17 15:54:33,402 ERROR: Analytics database error: no such column: a.work_hours [in D:\Real-Time Face Recognition Attendance System\app.py:783]
2025-09-17 15:56:04,776 INFO: Attendance System startup [in D:\Real-Time Face Recognition Attendance System\app.py:846]
2025-09-17 15:56:28,643 INFO: Attendance System startup [in D:\Real-Time Face Recognition Attendance System\app.py:854]
2025-09-17 15:57:02,457 INFO: Attendance System startup [in D:\Real-Time Face Recognition Attendance System\app.py:854]
2025-09-17 15:57:58,659 ERROR: Analytics database error: no such column: a.work_hours [in D:\Real-Time Face Recognition Attendance System\app.py:809]
2025-09-17 15:59:18,056 INFO: Attendance System startup [in D:\Real-Time Face Recognition Attendance System\app.py:855]
2025-09-17 15:59:27,231 INFO: Attendance System startup [in D:\Real-Time Face Recognition Attendance System\app.py:859]
2025-09-17 15:59:47,881 INFO: Attendance System startup [in D:\Real-Time Face Recognition Attendance System\app.py:868]
2025-09-17 16:00:00,398 INFO: Attendance System startup [in D:\Real-Time Face Recognition Attendance System\app.py:873]
2025-09-17 16:00:27,363 INFO: Attendance System startup [in D:\Real-Time Face Recognition Attendance System\app.py:878]
2025-09-17 16:00:38,516 INFO: Attendance System startup [in D:\Real-Time Face Recognition Attendance System\app.py:890]
2025-09-17 16:02:24,566 INFO: Attendance System startup [in D:\Real-Time Face Recognition Attendance System\app.py:902]
2025-09-17 16:02:41,994 INFO: Attendance System startup [in D:\Real-Time Face Recognition Attendance System\app.py:933]
2025-09-17 16:02:49,998 INFO: Attendance System startup [in D:\Real-Time Face Recognition Attendance System\app.py:934]
2025-09-17 16:03:02,408 INFO: Attendance System startup [in D:\Real-Time Face Recognition Attendance System\app.py:939]
2025-09-17 16:04:43,488 INFO: Attendance System startup [in D:\Real-Time Face Recognition Attendance System\app.py:939]
2025-09-17 16:04:47,068 INFO: Attendance System startup [in D:\Real-Time Face Recognition Attendance System\app.py:939]
2025-09-17 16:05:16,745 INFO: Attendance System startup [in D:\Real-Time Face Recognition Attendance System\app.py:939]
2025-09-17 16:05:16,788 INFO: Attendance System startup [in D:\Real-Time Face Recognition Attendance System\app.py:939]
2025-09-17 16:07:50,100 INFO: Camera initialized and activated [in D:\Real-Time Face Recognition Attendance System\app.py:726]
2025-09-17 16:08:12,117 ERROR: Analytics database error: no such column: a.work_hours [in D:\Real-Time Face Recognition Attendance System\app.py:894]
2025-09-17 16:08:19,602 INFO: Video frame generation ended, cleaning up... [in D:\Real-Time Face Recognition Attendance System\app.py:783]
2025-09-17 16:08:35,140 INFO: Video frame generation ended, cleaning up... [in D:\Real-Time Face Recognition Attendance System\app.py:783]
2025-09-17 16:08:42,273 INFO: Video frame generation ended, cleaning up... [in D:\Real-Time Face Recognition Attendance System\app.py:783]
2025-09-17 16:19:28,016 ERROR: Analytics database error: no such column: a.work_hours [in D:\Real-Time Face Recognition Attendance System\app.py:894]
2025-09-17 16:19:29,263 INFO: Video frame generation ended, cleaning up... [in D:\Real-Time Face Recognition Attendance System\app.py:783]
2025-09-17 16:21:23,668 ERROR: Error adding new employee: table employees has no column named created_by [in D:\Real-Time Face Recognition Attendance System\app.py:451]
2025-09-17 16:22:11,308 ERROR: Error adding new employee: table employees has no column named created_by [in D:\Real-Time Face Recognition Attendance System\app.py:451]
2025-09-17 16:22:22,146 ERROR: Analytics database error: no such column: a.work_hours [in D:\Real-Time Face Recognition Attendance System\app.py:894]
2025-09-17 16:22:43,049 ERROR: Analytics database error: no such column: a.work_hours [in D:\Real-Time Face Recognition Attendance System\app.py:894]
2025-09-17 16:22:44,146 INFO: Video frame generation ended, cleaning up... [in D:\Real-Time Face Recognition Attendance System\app.py:783]
2025-09-17 16:22:59,060 INFO: Video frame generation ended, cleaning up... [in D:\Real-Time Face Recognition Attendance System\app.py:783]
2025-09-17 16:23:28,404 ERROR: Analytics database error: no such column: a.work_hours [in D:\Real-Time Face Recognition Attendance System\app.py:894]
2025-09-17 16:23:29,495 INFO: Video frame generation ended, cleaning up... [in D:\Real-Time Face Recognition Attendance System\app.py:783]
2025-09-17 16:24:40,139 ERROR: Error adding new employee: table employees has no column named created_by [in D:\Real-Time Face Recognition Attendance System\app.py:451]
2025-09-17 16:25:18,467 INFO: Video frame generation ended, cleaning up... [in D:\Real-Time Face Recognition Attendance System\app.py:783]
2025-09-17 16:25:52,937 INFO: Attendance System startup [in D:\Real-Time Face Recognition Attendance System\app.py:1009]
2025-09-17 16:25:52,985 INFO: Attendance System startup [in D:\Real-Time Face Recognition Attendance System\app.py:1009]
2025-09-17 16:26:17,491 INFO: Attendance System startup [in D:\Real-Time Face Recognition Attendance System\app.py:1019]
2025-09-17 16:26:17,828 INFO: Attendance System startup [in D:\Real-Time Face Recognition Attendance System\app.py:1019]
2025-09-17 16:26:51,837 INFO: Attendance System startup [in D:\Real-Time Face Recognition Attendance System\app.py:1019]
2025-09-17 16:26:52,682 INFO: Attendance System startup [in D:\Real-Time Face Recognition Attendance System\app.py:1019]
2025-09-17 16:27:09,381 INFO: Attendance System startup [in D:\Real-Time Face Recognition Attendance System\app.py:1068]
2025-09-17 16:27:09,800 INFO: Attendance System startup [in D:\Real-Time Face Recognition Attendance System\app.py:1068]
2025-09-17 16:27:46,061 INFO: Attendance System startup [in D:\Real-Time Face Recognition Attendance System\app.py:1090]
2025-09-17 16:27:46,366 INFO: Attendance System startup [in D:\Real-Time Face Recognition Attendance System\app.py:1090]
2025-09-17 16:27:54,376 INFO: Attendance System startup [in D:\Real-Time Face Recognition Attendance System\app.py:1090]
2025-09-17 16:27:54,637 INFO: Attendance System startup [in D:\Real-Time Face Recognition Attendance System\app.py:1090]
2025-09-17 16:28:19,694 INFO: Attendance System startup [in D:\Real-Time Face Recognition Attendance System\app.py:1113]
2025-09-17 16:28:19,790 INFO: Attendance System startup [in D:\Real-Time Face Recognition Attendance System\app.py:1113]
2025-09-17 16:28:31,454 INFO: Attendance System startup [in D:\Real-Time Face Recognition Attendance System\app.py:1113]
2025-09-17 16:28:32,580 INFO: Attendance System startup [in D:\Real-Time Face Recognition Attendance System\app.py:1113]
2025-09-17 16:29:44,135 INFO: Attendance System startup [in D:\Real-Time Face Recognition Attendance System\app.py:1127]
2025-09-17 16:29:44,400 INFO: Attendance System startup [in D:\Real-Time Face Recognition Attendance System\app.py:1127]
2025-09-17 16:29:54,989 INFO: Attendance System startup [in D:\Real-Time Face Recognition Attendance System\app.py:1127]
2025-09-17 16:30:01,174 INFO: Attendance System startup [in D:\Real-Time Face Recognition Attendance System\app.py:1127]
2025-09-17 16:32:05,927 INFO: Camera initialized with optimized settings [in D:\Real-Time Face Recognition Attendance System\app.py:886]
2025-09-17 16:32:18,499 INFO: Video frame generation ended [in D:\Real-Time Face Recognition Attendance System\app.py:957]
2025-09-17 16:32:34,563 INFO: Video frame generation ended [in D:\Real-Time Face Recognition Attendance System\app.py:957]
2025-09-17 16:32:35,566 INFO: Video frame generation ended [in D:\Real-Time Face Recognition Attendance System\app.py:957]
2025-09-17 16:33:23,996 INFO: Employee EMP003 added successfully by user 1 [in D:\Real-Time Face Recognition Attendance System\app.py:284]
2025-09-17 16:33:24,009 INFO: Loaded 3 face encodings from database [in D:\Real-Time Face Recognition Attendance System\app.py:505]
2025-09-17 16:34:27,111 INFO: Attendance marked for Siddhi Panchal (EMP003) [in D:\Real-Time Face Recognition Attendance System\app.py:609]
2025-09-17 16:34:51,010 INFO: Video frame generation ended [in D:\Real-Time Face Recognition Attendance System\app.py:957]
2025-09-18 20:38:37,823 INFO: Attendance System startup [in D:\Real-Time Face Recognition Attendance System\app.py:1113]
2025-09-18 20:38:43,595 INFO: Attendance System startup [in D:\Real-Time Face Recognition Attendance System\app.py:1113]
2025-09-18 20:40:42,654 INFO: Camera initialized with optimized settings [in D:\Real-Time Face Recognition Attendance System\app.py:886]
2025-09-18 20:40:45,430 INFO: Attendance marked for Aryan Panchal (EMP001) [in D:\Real-Time Face Recognition Attendance System\app.py:609]
2025-09-18 20:41:15,707 INFO: Video frame generation ended [in D:\Real-Time Face Recognition Attendance System\app.py:957]
2025-09-18 20:41:26,218 INFO: Video frame generation ended [in D:\Real-Time Face Recognition Attendance System\app.py:957]
2025-09-18 20:41:26,784 INFO: Video frame generation ended [in D:\Real-Time Face Recognition Attendance System\app.py:957]
2025-09-18 21:01:50,752 INFO: Attendance System startup [in D:\Real-Time Face Recognition Attendance System\app.py:1113]
2025-09-18 21:01:55,555 INFO: Attendance System startup [in D:\Real-Time Face Recognition Attendance System\app.py:1113]
2025-09-18 21:03:46,337 INFO: Camera initialized with optimized settings [in D:\Real-Time Face Recognition Attendance System\app.py:886]
2025-09-18 21:04:23,892 INFO: Video frame generation ended [in D:\Real-Time Face Recognition Attendance System\app.py:957]
2025-09-18 21:07:19,497 INFO: Employee EMP005 added successfully by user 1 [in D:\Real-Time Face Recognition Attendance System\app.py:284]
2025-09-18 21:07:19,506 INFO: Loaded 4 face encodings from database [in D:\Real-Time Face Recognition Attendance System\app.py:505]
2025-09-18 21:07:29,475 INFO: Attendance marked for Arav Panchal (EMP005) [in D:\Real-Time Face Recognition Attendance System\app.py:609]
2025-09-18 21:07:48,668 INFO: Video frame generation ended [in D:\Real-Time Face Recognition Attendance System\app.py:957]
2025-09-18 21:08:57,207 INFO: Video frame generation ended [in D:\Real-Time Face Recognition Attendance System\app.py:957]
2025-09-18 21:09:19,341 INFO: Attendance marked for Siddhi Panchal (EMP003) [in D:\Real-Time Face Recognition Attendance System\app.py:609]
2025-09-18 21:09:57,889 INFO: Video frame generation ended [in D:\Real-Time Face Recognition Attendance System\app.py:957]
2025-09-18 21:10:06,908 INFO: Video frame generation ended [in D:\Real-Time Face Recognition Attendance System\app.py:957]
2025-09-18 21:10:33,215 INFO: Video frame generation ended [in D:\Real-Time Face Recognition Attendance System\app.py:957]
2025-09-18 21:35:26,207 INFO: Attendance System startup [in d:\Real-Time Face Recognition Attendance System\app.py:1164]
2025-09-18 21:35:29,440 INFO: Attendance System startup [in d:\Real-Time Face Recognition Attendance System\app.py:1164]
2025-09-18 21:36:14,733 INFO: Camera started successfully [in d:\Real-Time Face Recognition Attendance System\app.py:478]
2025-09-18 21:36:14,734 INFO: Starting video frame generation [in d:\Real-Time Face Recognition Attendance System\app.py:961]
2025-09-18 21:39:37,898 INFO: Attendance System startup [in d:\Real-Time Face Recognition Attendance System\app.py:1164]
2025-09-18 21:53:00,844 INFO: Attendance System startup [in d:\Real-Time Face Recognition Attendance System\app.py:1168]
2025-09-18 21:53:04,687 INFO: Attendance System startup [in d:\Real-Time Face Recognition Attendance System\app.py:1168]
2025-09-18 21:54:14,561 INFO: Camera started successfully [in d:\Real-Time Face Recognition Attendance System\app.py:478]
2025-09-18 21:54:14,562 INFO: Starting video frame generation [in d:\Real-Time Face Recognition Attendance System\app.py:961]
2025-09-18 21:54:58,442 INFO: Camera stop requested by user admin [in d:\Real-Time Face Recognition Attendance System\app.py:1036]
2025-09-18 21:54:58,443 INFO: Camera stop signal sent [in d:\Real-Time Face Recognition Attendance System\app.py:490]
2025-09-18 21:54:58,474 INFO: Video frame generation ended [in d:\Real-Time Face Recognition Attendance System\app.py:996]
2025-09-18 21:56:20,373 INFO: Attendance System startup [in d:\Real-Time Face Recognition Attendance System\app.py:1168]
2025-09-18 21:56:35,766 INFO: Attendance System startup [in d:\Real-Time Face Recognition Attendance System\app.py:1176]
2025-09-18 21:59:20,030 INFO: Attendance System startup [in d:\Real-Time Face Recognition Attendance System\app.py:1176]
2025-09-18 22:04:04,915 INFO: Attendance System startup [in d:\Real-Time Face Recognition Attendance System\app.py:1176]
2025-09-18 22:04:08,150 INFO: Attendance System startup [in d:\Real-Time Face Recognition Attendance System\app.py:1176]
2025-09-18 22:05:14,819 INFO: Camera started successfully with natural settings [in d:\Real-Time Face Recognition Attendance System\app.py:486]
2025-09-18 22:05:14,820 INFO: Starting video frame generation [in d:\Real-Time Face Recognition Attendance System\app.py:969]
2025-09-18 22:06:08,095 INFO: Camera stop requested by user admin [in d:\Real-Time Face Recognition Attendance System\app.py:1044]
2025-09-18 22:06:08,095 INFO: Camera stop signal sent [in d:\Real-Time Face Recognition Attendance System\app.py:498]
2025-09-18 22:06:08,124 INFO: Video frame generation ended [in d:\Real-Time Face Recognition Attendance System\app.py:1004]
2025-09-22 14:06:32,743 INFO: Attendance System startup [in d:\Real-Time Face Recognition Attendance System\app.py:1176]
2025-09-22 14:06:36,381 INFO: Attendance System startup [in d:\Real-Time Face Recognition Attendance System\app.py:1176]
2025-09-22 14:44:56,696 INFO: Attendance System startup [in d:\Real-Time Face Recognition Attendance System\app.py:1190]
2025-09-22 14:45:00,382 INFO: Attendance System startup [in d:\Real-Time Face Recognition Attendance System\app.py:1190]
2025-09-22 14:45:04,998 INFO: Attendance System startup [in d:\Real-Time Face Recognition Attendance System\app.py:1202]
2025-09-22 14:48:19,618 INFO: Attendance System startup [in d:\Real-Time Face Recognition Attendance System\app.py:1203]
2025-09-22 14:50:22,417 INFO: Attendance System startup [in d:\Real-Time Face Recognition Attendance System\app.py:1203]
2026-01-03 19:33:45,975 INFO: Attendance System startup [in d:\Real-Time Face Recognition Attendance System\app.py:1203]
2026-01-03 19:33:51,694 INFO: Attendance System startup [in d:\Real-Time Face Recognition Attendance System\app.py:1203]
2026-01-03 19:34:46,424 INFO: Camera started successfully with natural settings [in d:\Real-Time Face Recognition Attendance System\app.py:550]
2026-01-03 19:34:51,953 ERROR: Error in face recognition: 'FaceRecognitionSystem' object has no attribute 'last_recognition_time' [in d:\Real-Time Face Recognition Attendance System\app.py:700]
2026-01-03 19:34:52,657 ERROR: Error in face recognition: 'FaceRecognitionSystem' object has no attribute 'last_recognition_time' [in d:\Real-Time Face Recognition Attendance System\app.py:700]
2026-01-03 19:34:53,363 ERROR: Error in face recognition: 'FaceRecognitionSystem' object has no attribute 'last_recognition_time' [in d:\Real-Time Face Recognition Attendance System\app.py:700]
2026-01-03 19:34:54,086 ERROR: Error in face recognition: 'FaceRecognitionSystem' object has no attribute 'last_recognition_time' [in d:\Real-Time Face Recognition Attendance System\app.py:700]
2026-01-03 19:34:54,776 ERROR: Error in face recognition: 'FaceRecognitionSystem' object has no attribute 'last_recognition_time' [in d:\Real-Time Face Recognition Attendance System\app.py:700]
2026-01-03 19:34:55,435 ERROR: Error in face recognition: 'FaceRecognitionSystem' object has no attribute 'last_recognition_time' [in d:\Real-Time Face Recognition Attendance System\app.py:700]
2026-01-03 19:34:57,527 ERROR: Error in face recognition: 'FaceRecognitionSystem' object has no attribute 'last_recognition_time' [in d:\Real-Time Face Recognition Attendance System\app.py:700]
2026-01-03 19:34:58,167 ERROR: Error in face recognition: 'FaceRecognitionSystem' object has no attribute 'last_recognition_time' [in d:\Real-Time Face Recognition Attendance System\app.py:700]
2026-01-03 19:34:58,837 ERROR: Error in face recognition: 'FaceRecognitionSystem' object has no attribute 'last_recognition_time' [in d:\Real-Time Face Recognition Attendance System\app.py:700]
2026-01-03 19:34:59,538 ERROR: Error in face recognition: 'FaceRecognitionSystem' object has no attribute 'last_recognition_time' [in d:\Real-Time Face Recognition Attendance System\app.py:700]
2026-01-03 19:35:00,235 ERROR: Error in face recognition: 'FaceRecognitionSystem' object has no attribute 'last_recognition_time' [in d:\Real-Time Face Recognition Attendance System\app.py:700]
2026-01-03 19:35:00,914 ERROR: Error in face recognition: 'FaceRecognitionSystem' object has no attribute 'last_recognition_time' [in d:\Real-Time Face Recognition Attendance System\app.py:700]
2026-01-03 19:35:01,590 ERROR: Error in face recognition: 'FaceRecognitionSystem' object has no attribute 'last_recognition_time' [in d:\Real-Time Face Recognition Attendance System\app.py:700]
2026-01-03 19:35:02,239 ERROR: Error in face recognition: 'FaceRecognitionSystem' object has no attribute 'last_recognition_time' [in d:\Real-Time Face Recognition Attendance System\app.py:700]
2026-01-03 19:35:02,977 ERROR: Error in face recognition: 'FaceRecognitionSystem' object has no attribute 'last_recognition_time' [in d:\Real-Time Face Recognition Attendance System\app.py:700]
2026-01-03 19:35:03,664 ERROR: Error in face recognition: 'FaceRecognitionSystem' object has no attribute 'last_recognition_time' [in d:\Real-Time Face Recognition Attendance System\app.py:700]
2026-01-03 19:35:04,337 ERROR: Error in face recognition: 'FaceRecognitionSystem' object has no attribute 'last_recognition_time' [in d:\Real-Time Face Recognition Attendance System\app.py:700]
2026-01-03 19:35:05,032 ERROR: Error in face recognition: 'FaceRecognitionSystem' object has no attribute 'last_recognition_time' [in d:\Real-Time Face Recognition Attendance System\app.py:700]
2026-01-03 19:35:05,736 ERROR: Error in face recognition: 'FaceRecognitionSystem' object has no attribute 'last_recognition_time' [in d:\Real-Time Face Recognition Attendance System\app.py:700]
2026-01-03 19:35:06,463 ERROR: Error in face recognition: 'FaceRecognitionSystem' object has no attribute 'last_recognition_time' [in d:\Real-Time Face Recognition Attendance System\app.py:700]
2026-01-03 19:35:07,115 ERROR: Error in face recognition: 'FaceRecognitionSystem' object has no attribute 'last_recognition_time' [in d:\Real-Time Face Recognition Attendance System\app.py:700]
2026-01-03 19:35:07,846 ERROR: Error in face recognition: 'FaceRecognitionSystem' object has no attribute 'last_recognition_time' [in d:\Real-Time Face Recognition Attendance System\app.py:700]
2026-01-03 19:35:08,557 ERROR: Error in face recognition: 'FaceRecognitionSystem' object has no attribute 'last_recognition_time' [in d:\Real-Time Face Recognition Attendance System\app.py:700]
2026-01-03 19:35:09,222 ERROR: Error in face recognition: 'FaceRecognitionSystem' object has no attribute 'last_recognition_time' [in d:\Real-Time Face Recognition Attendance System\app.py:700]
2026-01-03 19:35:09,880 ERROR: Error in face recognition: 'FaceRecognitionSystem' object has no attribute 'last_recognition_time' [in d:\Real-Time Face Recognition Attendance System\app.py:700]
2026-01-03 19:35:10,519 ERROR: Error in face recognition: 'FaceRecognitionSystem' object has no attribute 'last_recognition_time' [in d:\Real-Time Face Recognition Attendance System\app.py:700]
2026-01-03 19:35:11,197 ERROR: Error in face recognition: 'FaceRecognitionSystem' object has no attribute 'last_recognition_time' [in d:\Real-Time Face Recognition Attendance System\app.py:700]
2026-01-03 19:35:24,176 ERROR: Error in face recognition: 'FaceRecognitionSystem' object has no attribute 'last_recognition_time' [in d:\Real-Time Face Recognition Attendance System\app.py:700]
2026-01-03 19:35:25,498 ERROR: Error in face recognition: 'FaceRecognitionSystem' object has no attribute 'last_recognition_time' [in d:\Real-Time Face Recognition Attendance System\app.py:700]
2026-01-03 19:35:26,210 ERROR: Error in face recognition: 'FaceRecognitionSystem' object has no attribute 'last_recognition_time' [in d:\Real-Time Face Recognition Attendance System\app.py:700]
2026-01-03 19:35:26,890 ERROR: Error in face recognition: 'FaceRecognitionSystem' object has no attribute 'last_recognition_time' [in d:\Real-Time Face Recognition Attendance System\app.py:700]
2026-01-03 19:35:27,582 ERROR: Error in face recognition: 'FaceRecognitionSystem' object has no attribute 'last_recognition_time' [in d:\Real-Time Face Recognition Attendance System\app.py:700]
2026-01-03 19:35:29,378 ERROR: Error in face recognition: 'FaceRecognitionSystem' object has no attribute 'last_recognition_time' [in d:\Real-Time Face Recognition Attendance System\app.py:700]
2026-01-03 19:35:32,764 ERROR: Error in face recognition: 'FaceRecognitionSystem' object has no attribute 'last_recognition_time' [in d:\Real-Time Face Recognition Attendance System\app.py:700]
2026-01-03 19:35:33,463 ERROR: Error in face recognition: 'FaceRecognitionSystem' object has no attribute 'last_recognition_time' [in d:\Real-Time Face Recognition Attendance System\app.py:700]
2026-01-03 19:35:34,166 ERROR: Error in face recognition: 'FaceRecognitionSystem' object has no attribute 'last_recognition_time' [in d:\Real-Time Face Recognition Attendance System\app.py:700]
2026-01-03 19:35:34,877 ERROR: Error in face recognition: 'FaceRecognitionSystem' object has no attribute 'last_recognition_time' [in d:\Real-Time Face Recognition Attendance System\app.py:700]
2026-01-03 19:35:35,571 ERROR: Error in face recognition: 'FaceRecognitionSystem' object has no attribute 'last_recognition_time' [in d:\Real-Time Face Recognition Attendance System\app.py:700]
2026-01-03 19:35:36,936 ERROR: Error in face recognition: 'FaceRecognitionSystem' object has no attribute 'last_recognition_time' [in d:\Real-Time Face Recognition Attendance System\app.py:700]
2026-01-03 19:35:37,610 ERROR: Error in face recognition: 'FaceRecognitionSystem' object has no attribute 'last_recognition_time' [in d:\Real-Time Face Recognition Attendance System\app.py:700]
2026-01-03 19:35:38,313 ERROR: Error in face recognition: 'FaceRecognitionSystem' object has no attribute 'last_recognition_time' [in d:\Real-Time Face Recognition Attendance System\app.py:700]
2026-01-03 19:35:38,992 ERROR: Error in face recognition: 'FaceRecognitionSystem' object has no attribute 'last_recognition_time' [in d:\Real-Time Face Recognition Attendance System\app.py:700]
2026-01-03 19:35:39,700 ERROR: Error in face recognition: 'FaceRecognitionSystem' object has no attribute 'last_recognition_time' [in d:\Real-Time Face Recognition Attendance System\app.py:700]
2026-01-03 19:35:40,425 ERROR: Error in face recognition: 'FaceRecognitionSystem' object has no attribute 'last_recognition_time' [in d:\Real-Time Face Recognition Attendance System\app.py:700]
2026-01-03 19:35:41,131 ERROR: Error in face recognition: 'FaceRecognitionSystem' object has no attribute 'last_recognition_time' [in d:\Real-Time Face Recognition Attendance System\app.py:700]
2026-01-03 19:35:41,831 ERROR: Error in face recognition: 'FaceRecognitionSystem' object has no attribute 'last_recognition_time' [in d:\Real-Time Face Recognition Attendance System\app.py:700]
2026-01-03 19:35:42,587 ERROR: Error in face recognition: 'FaceRecognitionSystem' object has no attribute 'last_recognition_time' [in d:\Real-Time Face Recognition Attendance System\app.py:700]
2026-01-03 19:35:43,271 ERROR: Error in face recognition: 'FaceRecognitionSystem' object has no attribute 'last_recognition_time' [in d:\Real-Time Face Recognition Attendance System\app.py:700]
2026-01-03 19:35:43,799 ERROR: Error in face recognition: 'FaceRecognitionSystem' object has no attribute 'last_recognition_time' [in d:\Real-Time Face Recognition Attendance System\app.py:700]
2026-01-03 19:35:44,382 ERROR: Error in face recognition: 'FaceRecognitionSystem' object has no attribute 'last_recognition_time' [in d:\Real-Time Face Recognition Attendance System\app.py:700]
2026-01-03 19:35:44,965 ERROR: Error in face recognition: 'FaceRecognitionSystem' object has no attribute 'last_recognition_time' [in d:\Real-Time Face Recognition Attendance System\app.py:700]
2026-01-03 19:35:45,554 ERROR: Error in face recognition: 'FaceRecognitionSystem' object has no attribute 'last_recognition_time' [in d:\Real-Time Face Recognition Attendance System\app.py:700]
2026-01-03 19:35:45,564 INFO: Video frame generation ended [in d:\Real-Time Face Recognition Attendance System\app.py:1034]
2026-01-03 19:35:46,088 ERROR: Error in face recognition: 'FaceRecognitionSystem' object has no attribute 'last_recognition_time' [in d:\Real-Time Face Recognition Attendance System\app.py:700]
2026-01-03 19:35:46,784 ERROR: Error in face recognition: 'FaceRecognitionSystem' object has no attribute 'last_recognition_time' [in d:\Real-Time Face Recognition Attendance System\app.py:700]
2026-01-03 19:35:47,490 ERROR: Error in face recognition: 'FaceRecognitionSystem' object has no attribute 'last_recognition_time' [in d:\Real-Time Face Recognition Attendance System\app.py:700]
2026-01-03 19:35:48,185 ERROR: Error in face recognition: 'FaceRecognitionSystem' object has no attribute 'last_recognition_time' [in d:\Real-Time Face Recognition Attendance System\app.py:700]
2026-01-03 19:35:48,874 ERROR: Error in face recognition: 'FaceRecognitionSystem' object has no attribute 'last_recognition_time' [in d:\Real-Time Face Recognition Attendance System\app.py:700]
2026-01-03 19:35:49,537 ERROR: Error in face recognition: 'FaceRecognitionSystem' object has no attribute 'last_recognition_time' [in d:\Real-Time Face Recognition Attendance System\app.py:700]
2026-01-03 19:35:50,232 ERROR: Error in face recognition: 'FaceRecognitionSystem' object has no attribute 'last_recognition_time' [in d:\Real-Time Face Recognition Attendance System\app.py:700]
2026-01-03 19:35:51,639 ERROR: Error in face recognition: 'FaceRecognitionSystem' object has no attribute 'last_recognition_time' [in d:\Real-Time Face Recognition Attendance System\app.py:700]
2026-01-03 19:35:52,312 ERROR: Error in face recognition: 'FaceRecognitionSystem' object has no attribute 'last_recognition_time' [in d:\Real-Time Face Recognition Attendance System\app.py:700]
2026-01-03 19:35:52,315 INFO: Video frame generation ended [in d:\Real-Time Face Recognition Attendance System\app.py:1034]
2026-01-03 19:40:32,648 INFO: Attendance System startup [in d:\Real-Time Face Recognition Attendance System\app.py:1203]
2026-01-03 19:40:39,394 INFO: Attendance System startup [in d:\Real-Time Face Recognition Attendance System\app.py:1204]
2026-01-03 19:40:52,577 INFO: Attendance System startup [in d:\Real-Time Face Recognition Attendance System\app.py:1204]
2026-01-03 19:41:17,650 INFO: Attendance System startup [in d:\Real-Time Face Recognition Attendance System\app.py:1204]
2026-01-03 19:41:40,715 INFO: Attendance System startup [in d:\Real-Time Face Recognition Attendance System\app.py:1204]
2026-01-03 19:42:04,184 INFO: Attendance System startup [in d:\Real-Time Face Recognition Attendance System\app.py:1204]
2026-01-03 19:42:09,022 INFO: Attendance System startup [in d:\Real-Time Face Recognition Attendance System\app.py:1204]
2026-01-03 19:42:39,618 INFO: Camera started successfully with natural settings [in d:\Real-Time Face Recognition Attendance System\app.py:550]
2026-01-03 19:42:40,707 ERROR: Error in face recognition: 'FaceRecognitionSystem' object has no attribute 'last_recognition_time' [in d:\Real-Time Face Recognition Attendance System\app.py:700]
2026-01-03 19:42:41,282 ERROR: Error in face recognition: 'FaceRecognitionSystem' object has no attribute 'last_recognition_time' [in d:\Real-Time Face Recognition Attendance System\app.py:700]
2026-01-03 19:42:41,872 ERROR: Error in face recognition: 'FaceRecognitionSystem' object has no attribute 'last_recognition_time' [in d:\Real-Time Face Recognition Attendance System\app.py:700]
2026-01-03 19:42:42,435 ERROR: Error in face recognition: 'FaceRecognitionSystem' object has no attribute 'last_recognition_time' [in d:\Real-Time Face Recognition Attendance System\app.py:700]
2026-01-03 19:42:42,984 ERROR: Error in face recognition: 'FaceRecognitionSystem' object has no attribute 'last_recognition_time' [in d:\Real-Time Face Recognition Attendance System\app.py:700]
2026-01-03 19:42:43,542 ERROR: Error in face recognition: 'FaceRecognitionSystem' object has no attribute 'last_recognition_time' [in d:\Real-Time Face Recognition Attendance System\app.py:700]
2026-01-03 19:42:44,116 ERROR: Error in face recognition: 'FaceRecognitionSystem' object has no attribute 'last_recognition_time' [in d:\Real-Time Face Recognition Attendance System\app.py:700]
2026-01-03 19:42:44,714 ERROR: Error in face recognition: 'FaceRecognitionSystem' object has no attribute 'last_recognition_time' [in d:\Real-Time Face Recognition Attendance System\app.py:700]
2026-01-03 19:42:45,336 ERROR: Error in face recognition: 'FaceRecognitionSystem' object has no attribute 'last_recognition_time' [in d:\Real-Time Face Recognition Attendance System\app.py:700]
2026-01-03 19:42:45,961 ERROR: Error in face recognition: 'FaceRecognitionSystem' object has no attribute 'last_recognition_time' [in d:\Real-Time Face Recognition Attendance System\app.py:700]
2026-01-03 19:42:46,554 ERROR: Error in face recognition: 'FaceRecognitionSystem' object has no attribute 'last_recognition_time' [in d:\Real-Time Face Recognition Attendance System\app.py:700]
2026-01-03 19:42:47,139 ERROR: Error in face recognition: 'FaceRecognitionSystem' object has no attribute 'last_recognition_time' [in d:\Real-Time Face Recognition Attendance System\app.py:700]
2026-01-03 19:42:47,705 ERROR: Error in face recognition: 'FaceRecognitionSystem' object has no attribute 'last_recognition_time' [in d:\Real-Time Face Recognition Attendance System\app.py:700]
2026-01-03 19:42:48,253 ERROR: Error in face recognition: 'FaceRecognitionSystem' object has no attribute 'last_recognition_time' [in d:\Real-Time Face Recognition Attendance System\app.py:700]
2026-01-03 19:42:48,817 ERROR: Error in face recognition: 'FaceRecognitionSystem' object has no attribute 'last_recognition_time' [in d:\Real-Time Face Recognition Attendance System\app.py:700]
2026-01-03 19:42:49,402 ERROR: Error in face recognition: 'FaceRecognitionSystem' object has no attribute 'last_recognition_time' [in d:\Real-Time Face Recognition Attendance System\app.py:700]
2026-01-03 19:42:49,953 ERROR: Error in face recognition: 'FaceRecognitionSystem' object has no attribute 'last_recognition_time' [in d:\Real-Time Face Recognition Attendance System\app.py:700]
2026-01-03 19:42:50,518 ERROR: Error in face recognition: 'FaceRecognitionSystem' object has no attribute 'last_recognition_time' [in d:\Real-Time Face Recognition Attendance System\app.py:700]
2026-01-03 19:42:51,094 ERROR: Error in face recognition: 'FaceRecognitionSystem' object has no attribute 'last_recognition_time' [in d:\Real-Time Face Recognition Attendance System\app.py:700]
2026-01-03 19:42:51,705 ERROR: Error in face recognition: 'FaceRecognitionSystem' object has no attribute 'last_recognition_time' [in d:\Real-Time Face Recognition Attendance System\app.py:700]
2026-01-03 19:42:52,312 ERROR: Error in face recognition: 'FaceRecognitionSystem' object has no attribute 'last_recognition_time' [in d:\Real-Time Face Recognition Attendance System\app.py:700]
2026-01-03 19:42:53,039 ERROR: Error in face recognition: 'FaceRecognitionSystem' object has no attribute 'last_recognition_time' [in d:\Real-Time Face Recognition Attendance System\app.py:700]
2026-01-03 19:42:53,697 ERROR: Error in face recognition: 'FaceRecognitionSystem' object has no attribute 'last_recognition_time' [in d:\Real-Time Face Recognition Attendance System\app.py:700]
2026-01-03 19:42:54,260 ERROR: Error in face recognition: 'FaceRecognitionSystem' object has no attribute 'last_recognition_time' [in d:\Real-Time Face Recognition Attendance System\app.py:700]
2026-01-03 19:42:54,819 ERROR: Error in face recognition: 'FaceRecognitionSystem' object has no attribute 'last_recognition_time' [in d:\Real-Time Face Recognition Attendance System\app.py:700]
2026-01-03 19:42:55,383 ERROR: Error in face recognition: 'FaceRecognitionSystem' object has no attribute 'last_recognition_time' [in d:\Real-Time Face Recognition Attendance System\app.py:700]
2026-01-03 19:42:55,939 ERROR: Error in face recognition: 'FaceRecognitionSystem' object has no attribute 'last_recognition_time' [in d:\Real-Time Face Recognition Attendance System\app.py:700]
2026-01-03 19:42:56,525 ERROR: Error in face recognition: 'FaceRecognitionSystem' object has no attribute 'last_recognition_time' [in d:\Real-Time Face Recognition Attendance System\app.py:700]
2026-01-03 19:42:57,104 ERROR: Error in face recognition: 'FaceRecognitionSystem' object has no attribute 'last_recognition_time' [in d:\Real-Time Face Recognition Attendance System\app.py:700]
2026-01-03 19:42:57,650 ERROR: Error in face recognition: 'FaceRecognitionSystem' object has no attribute 'last_recognition_time' [in d:\Real-Time Face Recognition Attendance System\app.py:700]
2026-01-03 19:42:58,215 ERROR: Error in face recognition: 'FaceRecognitionSystem' object has no attribute 'last_recognition_time' [in d:\Real-Time Face Recognition Attendance System\app.py:700]
2026-01-03 19:42:58,814 ERROR: Error in face recognition: 'FaceRecognitionSystem' object has no attribute 'last_recognition_time' [in d:\Real-Time Face Recognition Attendance System\app.py:700]
2026-01-03 19:42:59,403 ERROR: Error in face recognition: 'FaceRecognitionSystem' object has no attribute 'last_recognition_time' [in d:\Real-Time Face Recognition Attendance System\app.py:700]
2026-01-03 19:42:59,992 ERROR: Error in face recognition: 'FaceRecognitionSystem' object has no attribute 'last_recognition_time' [in d:\Real-Time Face Recognition Attendance System\app.py:700]
2026-01-03 19:43:00,664 ERROR: Error in face recognition: 'FaceRecognitionSystem' object has no attribute 'last_recognition_time' [in d:\Real-Time Face Recognition Attendance System\app.py:700]
2026-01-03 19:43:01,268 ERROR: Error in face recognition: 'FaceRecognitionSystem' object has no attribute 'last_recognition_time' [in d:\Real-Time Face Recognition Attendance System\app.py:700]
2026-01-03 19:43:01,831 ERROR: Error in face recognition: 'FaceRecognitionSystem' object has no attribute 'last_recognition_time' [in d:\Real-Time Face Recognition Attendance System\app.py:700]
2026-01-03 19:43:02,386 ERROR: Error in face recognition: 'FaceRecognitionSystem' object has no attribute 'last_recognition_time' [in d:\Real-Time Face Recognition Attendance System\app.py:700]
2026-01-03 19:43:02,945 ERROR: Error in face recognition: 'FaceRecognitionSystem' object has no attribute 'last_recognition_time' [in d:\Real-Time Face Recognition Attendance System\app.py:700]
2026-01-03 19:43:03,507 ERROR: Error in face recognition: 'FaceRecognitionSystem' object has no attribute 'last_recognition_time' [in d:\Real-Time Face Recognition Attendance System\app.py:700]
2026-01-03 19:43:04,087 ERROR: Error in face recognition: 'FaceRecognitionSystem' object has no attribute 'last_recognition_time' [in d:\Real-Time Face Recognition Attendance System\app.py:700]
2026-01-03 19:43:04,678 ERROR: Error in face recognition: 'FaceRecognitionSystem' object has no attribute 'last_recognition_time' [in d:\Real-Time Face Recognition Attendance System\app.py:700]
2026-01-03 19:43:05,795 ERROR: Error in face recognition: 'FaceRecognitionSystem' object has no attribute 'last_recognition_time' [in d:\Real-Time Face Recognition Attendance System\app.py:700]
2026-01-03 19:43:06,365 ERROR: Error in face recognition: 'FaceRecognitionSystem' object has no attribute 'last_recognition_time' [in d:\Real-Time Face Recognition Attendance System\app.py:700]
2026-01-03 19:43:06,950 ERROR: Error in face recognition: 'FaceRecognitionSystem' object has no attribute 'last_recognition_time' [in d:\Real-Time Face Recognition Attendance System\app.py:700]
2026-01-03 19:43:07,555 ERROR: Error in face recognition: 'FaceRecognitionSystem' object has no attribute 'last_recognition_time' [in d:\Real-Time Face Recognition Attendance System\app.py:700]
2026-01-03 19:43:08,230 ERROR: Error in face recognition: 'FaceRecognitionSystem' object has no attribute 'last_recognition_time' [in d:\Real-Time Face Recognition Attendance System\app.py:700]
2026-01-03 19:43:08,825 ERROR: Error in face recognition: 'FaceRecognitionSystem' object has no attribute 'last_recognition_time' [in d:\Real-Time Face Recognition Attendance System\app.py:700]
2026-01-03 19:43:09,412 ERROR: Error in face recognition: 'FaceRecognitionSystem' object has no attribute 'last_recognition_time' [in d:\Real-Time Face Recognition Attendance System\app.py:700]
2026-01-03 19:43:09,999 ERROR: Error in face recognition: 'FaceRecognitionSystem' object has no attribute 'last_recognition_time' [in d:\Real-Time Face Recognition Attendance System\app.py:700]
2026-01-03 19:43:10,576 ERROR: Error in face recognition: 'FaceRecognitionSystem' object has no attribute 'last_recognition_time' [in d:\Real-Time Face Recognition Attendance System\app.py:700]
2026-01-03 19:43:10,583 INFO: Camera stop requested by user admin [in d:\Real-Time Face Recognition Attendance System\app.py:1075]
2026-01-03 19:43:10,584 INFO: Camera stop signal sent [in d:\Real-Time Face Recognition Attendance System\app.py:562]
2026-01-03 19:43:11,501 ERROR: Error in face recognition: 'FaceRecognitionSystem' object has no attribute 'last_recognition_time' [in d:\Real-Time Face Recognition Attendance System\app.py:700]
2026-01-03 19:43:11,506 INFO: Video frame generation ended [in d:\Real-Time Face Recognition Attendance System\app.py:1035]
2026-01-03 19:46:20,475 INFO: Attendance System startup [in d:\Real-Time Face Recognition Attendance System\app.py:1204]
2026-01-03 19:46:28,037 INFO: Attendance System startup [in d:\Real-Time Face Recognition Attendance System\app.py:1206]
2026-01-03 19:46:39,371 INFO: Attendance System startup [in d:\Real-Time Face Recognition Attendance System\app.py:1206]
2026-01-03 19:47:04,517 INFO: Attendance System startup [in d:\Real-Time Face Recognition Attendance System\app.py:1206]
2026-01-03 19:47:21,226 INFO: Attendance System startup [in d:\Real-Time Face Recognition Attendance System\app.py:1206]
2026-01-03 19:47:26,210 INFO: Attendance System startup [in d:\Real-Time Face Recognition Attendance System\app.py:1206]
2026-01-03 19:48:37,360 INFO: Camera started successfully with natural settings [in d:\Real-Time Face Recognition Attendance System\app.py:552]
2026-01-03 19:48:39,794 ERROR: Error in face recognition: 'FaceRecognitionSystem' object has no attribute 'last_recognition_time' [in d:\Real-Time Face Recognition Attendance System\app.py:702]
2026-01-03 19:48:40,397 ERROR: Error in face recognition: 'FaceRecognitionSystem' object has no attribute 'last_recognition_time' [in d:\Real-Time Face Recognition Attendance System\app.py:702]
2026-01-03 19:48:42,287 ERROR: Error in face recognition: 'FaceRecognitionSystem' object has no attribute 'last_recognition_time' [in d:\Real-Time Face Recognition Attendance System\app.py:702]
2026-01-03 19:48:42,960 ERROR: Error in face recognition: 'FaceRecognitionSystem' object has no attribute 'last_recognition_time' [in d:\Real-Time Face Recognition Attendance System\app.py:702]
2026-01-03 19:48:43,613 ERROR: Error in face recognition: 'FaceRecognitionSystem' object has no attribute 'last_recognition_time' [in d:\Real-Time Face Recognition Attendance System\app.py:702]
2026-01-03 19:48:44,264 ERROR: Error in face recognition: 'FaceRecognitionSystem' object has no attribute 'last_recognition_time' [in d:\Real-Time Face Recognition Attendance System\app.py:702]
2026-01-03 19:48:44,275 INFO: Camera stop requested by user admin [in d:\Real-Time Face Recognition Attendance System\app.py:1077]
2026-01-03 19:48:44,276 INFO: Camera stop signal sent [in d:\Real-Time Face Recognition Attendance System\app.py:564]
2026-01-03 19:48:44,309 INFO: Camera stop detected, exiting video generation loop [in d:\Real-Time Face Recognition Attendance System\app.py:987]
2026-01-03 19:48:44,311 INFO: Video frame generation ended [in d:\Real-Time Face Recognition Attendance System\app.py:1037]
2026-01-03 19:49:44,237 INFO: Camera started successfully with natural settings [in d:\Real-Time Face Recognition Attendance System\app.py:552]
2026-01-03 19:49:45,399 ERROR: Error in face recognition: 'FaceRecognitionSystem' object has no attribute 'last_recognition_time' [in d:\Real-Time Face Recognition Attendance System\app.py:702]
2026-01-03 19:49:46,032 ERROR: Error in face recognition: 'FaceRecognitionSystem' object has no attribute 'last_recognition_time' [in d:\Real-Time Face Recognition Attendance System\app.py:702]
2026-01-03 19:49:46,642 ERROR: Error in face recognition: 'FaceRecognitionSystem' object has no attribute 'last_recognition_time' [in d:\Real-Time Face Recognition Attendance System\app.py:702]
2026-01-03 19:49:47,239 ERROR: Error in face recognition: 'FaceRecognitionSystem' object has no attribute 'last_recognition_time' [in d:\Real-Time Face Recognition Attendance System\app.py:702]
2026-01-03 19:49:47,882 ERROR: Error in face recognition: 'FaceRecognitionSystem' object has no attribute 'last_recognition_time' [in d:\Real-Time Face Recognition Attendance System\app.py:702]
2026-01-03 19:49:48,518 ERROR: Error in face recognition: 'FaceRecognitionSystem' object has no attribute 'last_recognition_time' [in d:\Real-Time Face Recognition Attendance System\app.py:702]
2026-01-03 19:49:49,167 ERROR: Error in face recognition: 'FaceRecognitionSystem' object has no attribute 'last_recognition_time' [in d:\Real-Time Face Recognition Attendance System\app.py:702]
2026-01-03 19:49:49,764 ERROR: Error in face recognition: 'FaceRecognitionSystem' object has no attribute 'last_recognition_time' [in d:\Real-Time Face Recognition Attendance System\app.py:702]
2026-01-03 19:49:50,386 ERROR: Error in face recognition: 'FaceRecognitionSystem' object has no attribute 'last_recognition_time' [in d:\Real-Time Face Recognition Attendance System\app.py:702]
2026-01-03 19:49:51,017 ERROR: Error in face recognition: 'FaceRecognitionSystem' object has no attribute 'last_recognition_time' [in d:\Real-Time Face Recognition Attendance System\app.py:702]
2026-01-03 19:49:51,636 ERROR: Error in face recognition: 'FaceRecognitionSystem' object has no attribute 'last_recognition_time' [in d:\Real-Time Face Recognition Attendance System\app.py:702]
2026-01-03 19:49:52,223 ERROR: Error in face recognition: 'FaceRecognitionSystem' object has no attribute 'last_recognition_time' [in d:\Real-Time Face Recognition Attendance System\app.py:702]
2026-01-03 19:49:52,868 ERROR: Error in face recognition: 'FaceRecognitionSystem' object has no attribute 'last_recognition_time' [in d:\Real-Time Face Recognition Attendance System\app.py:702]
2026-01-03 19:49:55,361 ERROR: Error in face recognition: 'FaceRecognitionSystem' object has no attribute 'last_recognition_time' [in d:\Real-Time Face Recognition Attendance System\app.py:702]
2026-01-03 19:49:56,660 ERROR: Error in face recognition: 'FaceRecognitionSystem' object has no attribute 'last_recognition_time' [in d:\Real-Time Face Recognition Attendance System\app.py:702]
2026-01-03 19:49:57,297 ERROR: Error in face recognition: 'FaceRecognitionSystem' object has no attribute 'last_recognition_time' [in d:\Real-Time Face Recognition Attendance System\app.py:702]
2026-01-03 19:49:57,914 ERROR: Error in face recognition: 'FaceRecognitionSystem' object has no attribute 'last_recognition_time' [in d:\Real-Time Face Recognition Attendance System\app.py:702]
2026-01-03 19:49:59,126 ERROR: Error in face recognition: 'FaceRecognitionSystem' object has no attribute 'last_recognition_time' [in d:\Real-Time Face Recognition Attendance System\app.py:702]
2026-01-03 19:49:59,745 ERROR: Error in face recognition: 'FaceRecognitionSystem' object has no attribute 'last_recognition_time' [in d:\Real-Time Face Recognition Attendance System\app.py:702]
2026-01-03 19:50:00,387 ERROR: Error in face recognition: 'FaceRecognitionSystem' object has no attribute 'last_recognition_time' [in d:\Real-Time Face Recognition Attendance System\app.py:702]
2026-01-03 19:50:01,021 ERROR: Error in face recognition: 'FaceRecognitionSystem' object has no attribute 'last_recognition_time' [in d:\Real-Time Face Recognition Attendance System\app.py:702]
2026-01-03 19:50:01,640 ERROR: Error in face recognition: 'FaceRecognitionSystem' object has no attribute 'last_recognition_time' [in d:\Real-Time Face Recognition Attendance System\app.py:702]
2026-01-03 19:50:02,250 ERROR: Error in face recognition: 'FaceRecognitionSystem' object has no attribute 'last_recognition_time' [in d:\Real-Time Face Recognition Attendance System\app.py:702]
2026-01-03 19:50:02,846 ERROR: Error in face recognition: 'FaceRecognitionSystem' object has no attribute 'last_recognition_time' [in d:\Real-Time Face Recognition Attendance System\app.py:702]
2026-01-03 19:50:03,460 ERROR: Error in face recognition: 'FaceRecognitionSystem' object has no attribute 'last_recognition_time' [in d:\Real-Time Face Recognition Attendance System\app.py:702]
2026-01-03 19:50:04,115 ERROR: Error in face recognition: 'FaceRecognitionSystem' object has no attribute 'last_recognition_time' [in d:\Real-Time Face Recognition Attendance System\app.py:702]
2026-01-03 19:50:04,701 ERROR: Error in face recognition: 'FaceRecognitionSystem' object has no attribute 'last_recognition_time' [in d:\Real-Time Face Recognition Attendance System\app.py:702]
2026-01-03 19:50:05,319 ERROR: Error in face recognition: 'FaceRecognitionSystem' object has no attribute 'last_recognition_time' [in d:\Real-Time Face Recognition Attendance System\app.py:702]
2026-01-03 19:50:07,143 ERROR: Error in face recognition: 'FaceRecognitionSystem' object has no attribute 'last_recognition_time' [in d:\Real-Time Face Recognition Attendance System\app.py:702]
2026-01-03 19:50:07,798 ERROR: Error in face recognition: 'FaceRecognitionSystem' object has no attribute 'last_recognition_time' [in d:\Real-Time Face Recognition Attendance System\app.py:702]
2026-01-03 19:50:08,425 ERROR: Error in face recognition: 'FaceRecognitionSystem' object has no attribute 'last_recognition_time' [in d:\Real-Time Face Recognition Attendance System\app.py:702]
2026-01-03 19:50:09,047 ERROR: Error in face recognition: 'FaceRecognitionSystem' object has no attribute 'last_recognition_time' [in d:\Real-Time Face Recognition Attendance System\app.py:702]
2026-01-03 19:50:09,056 INFO: Camera stop requested by user admin [in d:\Real-Time Face Recognition Attendance System\app.py:1077]
2026-01-03 19:50:09,068 INFO: Camera stop signal sent [in d:\Real-Time Face Recognition Attendance System\app.py:564]
2026-01-03 19:50:09,069 INFO: Video frame generation ended [in d:\Real-Time Face Recognition Attendance System\app.py:1037]
2026-01-04 20:16:59,668 INFO: Attendance System startup [in d:\Real-Time Face Recognition Attendance System\app.py:1206]
2026-01-04 20:17:24,100 INFO: Attendance System startup [in d:\Real-Time Face Recognition Attendance System\app.py:1206]
2026-01-04 20:18:01,765 INFO: Attendance System startup [in d:\Real-Time Face Recognition Attendance System\app.py:1206]
2026-01-04 20:18:44,929 INFO: Attendance System startup [in d:\Real-Time Face Recognition Attendance System\app.py:1206]
2026-01-04 20:24:58,500 INFO: Attendance System startup [in d:\Real-Time Face Recognition Attendance System\app.py:1206]
2026-01-04 20:49:07,585 INFO: Attendance System startup [in d:\Real-Time Face Recognition Attendance System\app.py:1206]
2026-01-04 20:49:54,041 INFO: Attendance System startup [in d:\Real-Time Face Recognition Attendance System\app.py:1206]
2026-01-04 20:51:19,166 INFO: Attendance System startup [in d:\Real-Time Face Recognition Attendance System\app.py:1206]
2026-01-04 20:54:28,185 INFO: Attendance System startup [in d:\Real-Time Face Recognition Attendance System\app.py:1206]
2026-01-04 21:11:41,808 INFO: Attendance System startup [in d:\Real-Time Face Recognition Attendance System\app.py:1206]
2026-01-04 21:11:49,868 INFO: Attendance System startup [in d:\Real-Time Face Recognition Attendance System\app.py:1206]
2026-01-04 21:13:52,780 INFO: Camera started successfully with natural settings [in d:\Real-Time Face Recognition Attendance System\app.py:552]
2026-01-04 21:13:56,022 ERROR: Error in face recognition: 'FaceRecognitionSystem' object has no attribute 'last_recognition_time' [in d:\Real-Time Face Recognition Attendance System\app.py:702]
2026-01-04 21:13:57,064 ERROR: Error in face recognition: 'FaceRecognitionSystem' object has no attribute 'last_recognition_time' [in d:\Real-Time Face Recognition Attendance System\app.py:702]
2026-01-04 21:13:58,189 ERROR: Error in face recognition: 'FaceRecognitionSystem' object has no attribute 'last_recognition_time' [in d:\Real-Time Face Recognition Attendance System\app.py:702]
2026-01-04 21:13:59,274 ERROR: Error in face recognition: 'FaceRecognitionSystem' object has no attribute 'last_recognition_time' [in d:\Real-Time Face Recognition Attendance System\app.py:702]
2026-01-04 21:14:00,394 ERROR: Error in face recognition: 'FaceRecognitionSystem' object has no attribute 'last_recognition_time' [in d:\Real-Time Face Recognition Attendance System\app.py:702]
2026-01-04 21:14:01,547 ERROR: Error in face recognition: 'FaceRecognitionSystem' object has no attribute 'last_recognition_time' [in d:\Real-Time Face Recognition Attendance System\app.py:702]
2026-01-04 21:14:02,706 ERROR: Error in face recognition: 'FaceRecognitionSystem' object has no attribute 'last_recognition_time' [in d:\Real-Time Face Recognition Attendance System\app.py:702]
2026-01-04 21:14:03,820 ERROR: Error in face recognition: 'FaceRecognitionSystem' object has no attribute 'last_recognition_time' [in d:\Real-Time Face Recognition Attendance System\app.py:702]
2026-01-04 21:14:05,248 ERROR: Error in face recognition: 'FaceRecognitionSystem' object has no attribute 'last_recognition_time' [in d:\Real-Time Face Recognition Attendance System\app.py:702]
2026-01-04 21:14:06,458 ERROR: Error in face recognition: 'FaceRecognitionSystem' object has no attribute 'last_recognition_time' [in d:\Real-Time Face Recognition Attendance System\app.py:702]
2026-01-04 21:14:07,704 ERROR: Error in face recognition: 'FaceRecognitionSystem' object has no attribute 'last_recognition_time' [in d:\Real-Time Face Recognition Attendance System\app.py:702]
2026-01-04 21:14:08,875 ERROR: Error in face recognition: 'FaceRecognitionSystem' object has no attribute 'last_recognition_time' [in d:\Real-Time Face Recognition Attendance System\app.py:702]
2026-01-04 21:14:12,180 ERROR: Error in face recognition: 'FaceRecognitionSystem' object has no attribute 'last_recognition_time' [in d:\Real-Time Face Recognition Attendance System\app.py:702]
2026-01-04 21:14:13,291 ERROR: Error in face recognition: 'FaceRecognitionSystem' object has no attribute 'last_recognition_time' [in d:\Real-Time Face Recognition Attendance System\app.py:702]
2026-01-04 21:14:16,583 ERROR: Error in face recognition: 'FaceRecognitionSystem' object has no attribute 'last_recognition_time' [in d:\Real-Time Face Recognition Attendance System\app.py:702]
2026-01-04 21:14:20,459 ERROR: Error in face recognition: 'FaceRecognitionSystem' object has no attribute 'last_recognition_time' [in d:\Real-Time Face Recognition Attendance System\app.py:702]
2026-01-04 21:14:27,322 INFO: Video frame generation ended [in d:\Real-Time Face Recognition Attendance System\app.py:1037]
2026-01-04 21:36:01,903 INFO: Attendance System startup [in d:\Real-Time Face Recognition Attendance System\app.py:1206]
2026-01-04 21:36:10,223 INFO: Attendance System startup [in d:\Real-Time Face Recognition Attendance System\app.py:1206]
2026-01-04 21:36:49,941 INFO: Camera started successfully with natural settings [in d:\Real-Time Face Recognition Attendance System\app.py:552]
2026-01-04 21:36:50,612 INFO: Video frame generation ended [in d:\Real-Time Face Recognition Attendance System\app.py:1037]
2026-01-10 20:47:57,117 INFO: Attendance System startup [in d:\Real-Time Face Recognition Attendance System\app.py:1206]
2026-01-10 20:48:02,898 INFO: Attendance System startup [in d:\Real-Time Face Recognition Attendance System\app.py:1206]
2026-01-10 20:49:38,128 INFO: Camera started successfully with natural settings [in d:\Real-Time Face Recognition Attendance System\app.py:552]
2026-01-10 20:49:48,412 INFO: Video frame generation ended [in d:\Real-Time Face Recognition Attendance System\app.py:1037]
2026-01-10 20:49:59,543 INFO: Camera stop requested by user admin [in d:\Real-Time Face Recognition Attendance System\app.py:1077]
2026-01-10 20:49:59,543 INFO: Camera stop signal sent [in d:\Real-Time Face Recognition Attendance System\app.py:564]
2026-01-10 20:49:59,545 INFO: Camera stop detected, exiting video generation loop [in d:\Real-Time Face Recognition Attendance System\app.py:987]
2026-01-10 20:49:59,546 INFO: Video frame generation ended [in d:\Real-Time Face Recognition Attendance System\app.py:1037]
2026-01-10 20:53:12,296 INFO: Attendance System startup [in d:\Real-Time Face Recognition Attendance System\app.py:1206]
2026-01-10 20:54:09,412 INFO: Attendance System startup [in d:\Real-Time Face Recognition Attendance System\app.py:1206]
2026-01-10 20:54:23,285 INFO: Attendance System startup [in d:\Real-Time Face Recognition Attendance System\app.py:1206]
2026-01-10 20:54:35,751 INFO: Attendance System startup [in d:\Real-Time Face Recognition Attendance System\app.py:1206]
2026-01-10 20:54:56,170 INFO: Attendance System startup [in d:\Real-Time Face Recognition Attendance System\app.py:1215]
2026-01-10 20:55:26,510 INFO: Attendance System startup [in d:\Real-Time Face Recognition Attendance System\app.py:1215]
2026-01-10 20:55:59,268 INFO: Attendance System startup [in d:\Real-Time Face Recognition Attendance System\app.py:1215]
2026-01-10 20:56:08,080 INFO: Attendance System startup [in d:\Real-Time Face Recognition Attendance System\app.py:1215]
2026-01-10 20:56:36,365 INFO: Attendance System startup [in d:\Real-Time Face Recognition Attendance System\app.py:1215]
2026-01-10 20:57:06,995 INFO: Attendance System startup [in d:\Real-Time Face Recognition Attendance System\app.py:1215]
2026-01-10 20:57:49,845 INFO: Attendance System startup [in d:\Real-Time Face Recognition Attendance System\app.py:1215]
2026-01-10 20:58:09,355 INFO: Attendance System startup [in d:\Real-Time Face Recognition Attendance System\app.py:1215]
2026-01-10 20:59:19,781 INFO: Attendance System startup [in d:\Real-Time Face Recognition Attendance System\app.py:1215]
2026-01-10 20:59:34,259 INFO: Attendance System startup [in d:\Real-Time Face Recognition Attendance System\app.py:1215]
2026-01-10 20:59:56,615 INFO: Attendance System startup [in d:\Real-Time Face Recognition Attendance System\app.py:1215]
2026-01-10 21:00:52,001 INFO: Attendance System startup [in d:\Real-Time Face Recognition Attendance System\app.py:1215]
2026-01-10 21:01:43,468 INFO: Attendance System startup [in d:\Real-Time Face Recognition Attendance System\app.py:1215]
2026-01-10 21:01:48,007 INFO: Attendance System startup [in d:\Real-Time Face Recognition Attendance System\app.py:1215]
2026-01-10 21:02:32,974 INFO: Camera started successfully with natural settings [in d:\Real-Time Face Recognition Attendance System\app.py:552]
2026-01-10 21:02:47,579 INFO: Camera stop requested by user admin [in d:\Real-Time Face Recognition Attendance System\app.py:1086]
2026-01-10 21:02:47,580 INFO: Camera stop signal sent [in d:\Real-Time Face Recognition Attendance System\app.py:564]
2026-01-10 21:02:47,608 INFO: Camera stop detected, exiting video generation loop [in d:\Real-Time Face Recognition Attendance System\app.py:996]
2026-01-10 21:02:47,609 INFO: Video frame generation ended [in d:\Real-Time Face Recognition Attendance System\app.py:1046]
2026-01-10 21:07:11,136 INFO: Attendance System startup [in d:\Real-Time Face Recognition Attendance System\app.py:1215]
2026-01-10 21:07:20,900 INFO: Attendance System startup [in d:\Real-Time Face Recognition Attendance System\app.py:1239]
2026-01-10 21:07:35,399 INFO: Attendance System startup [in d:\Real-Time Face Recognition Attendance System\app.py:1248]
2026-01-10 21:07:47,280 INFO: Attendance System startup [in d:\Real-Time Face Recognition Attendance System\app.py:1248]
2026-01-10 21:08:24,314 INFO: Attendance System startup [in d:\Real-Time Face Recognition Attendance System\app.py:1248]
2026-01-10 21:08:40,638 INFO: Attendance System startup [in d:\Real-Time Face Recognition Attendance System\app.py:1248]
2026-01-10 21:09:31,778 INFO: Attendance System startup [in d:\Real-Time Face Recognition Attendance System\app.py:1248]
2026-01-10 21:12:29,497 INFO: Attendance System startup [in d:\Real-Time Face Recognition Attendance System\app.py:1248]
2026-01-10 21:12:34,963 INFO: Attendance System startup [in d:\Real-Time Face Recognition Attendance System\app.py:1248]
2026-01-10 21:13:18,407 INFO: Camera started with optimized settings: [in d:\Real-Time Face Recognition Attendance System\app.py:572]
2026-01-10 21:13:18,408 INFO:   - Color Space: RGB (Standard) for skin-tone segmentation [in d:\Real-Time Face Recognition Attendance System\app.py:573]
2026-01-10 21:13:18,408 INFO:   - Brightness: Balanced (50%) to avoid clipping [in d:\Real-Time Face Recognition Attendance System\app.py:574]
2026-01-10 21:13:18,408 INFO:   - Gamma: 2.2 (applied in preprocessing) [in d:\Real-Time Face Recognition Attendance System\app.py:575]
2026-01-10 21:13:18,409 INFO:   - Preprocessing: CLAHE for contrast enhancement [in d:\Real-Time Face Recognition Attendance System\app.py:576]
2026-01-10 21:13:35,306 ERROR: Error in face recognition: 'FaceRecognitionSystem' object has no attribute 'last_recognition_time' [in d:\Real-Time Face Recognition Attendance System\app.py:735]
2026-01-10 21:13:35,944 ERROR: Error in face recognition: 'FaceRecognitionSystem' object has no attribute 'last_recognition_time' [in d:\Real-Time Face Recognition Attendance System\app.py:735]
2026-01-10 21:13:36,582 ERROR: Error in face recognition: 'FaceRecognitionSystem' object has no attribute 'last_recognition_time' [in d:\Real-Time Face Recognition Attendance System\app.py:735]
2026-01-10 21:13:37,203 ERROR: Error in face recognition: 'FaceRecognitionSystem' object has no attribute 'last_recognition_time' [in d:\Real-Time Face Recognition Attendance System\app.py:735]
2026-01-10 21:13:37,837 ERROR: Error in face recognition: 'FaceRecognitionSystem' object has no attribute 'last_recognition_time' [in d:\Real-Time Face Recognition Attendance System\app.py:735]
2026-01-10 21:13:38,446 ERROR: Error in face recognition: 'FaceRecognitionSystem' object has no attribute 'last_recognition_time' [in d:\Real-Time Face Recognition Attendance System\app.py:735]
2026-01-10 21:13:39,067 ERROR: Error in face recognition: 'FaceRecognitionSystem' object has no attribute 'last_recognition_time' [in d:\Real-Time Face Recognition Attendance System\app.py:735]
2026-01-10 21:13:39,689 ERROR: Error in face recognition: 'FaceRecognitionSystem' object has no attribute 'last_recognition_time' [in d:\Real-Time Face Recognition Attendance System\app.py:735]
2026-01-10 21:13:40,324 ERROR: Error in face recognition: 'FaceRecognitionSystem' object has no attribute 'last_recognition_time' [in d:\Real-Time Face Recognition Attendance System\app.py:735]
2026-01-10 21:13:40,950 ERROR: Error in face recognition: 'FaceRecognitionSystem' object has no attribute 'last_recognition_time' [in d:\Real-Time Face Recognition Attendance System\app.py:735]
2026-01-10 21:13:41,569 ERROR: Error in face recognition: 'FaceRecognitionSystem' object has no attribute 'last_recognition_time' [in d:\Real-Time Face Recognition Attendance System\app.py:735]
2026-01-10 21:13:42,183 ERROR: Error in face recognition: 'FaceRecognitionSystem' object has no attribute 'last_recognition_time' [in d:\Real-Time Face Recognition Attendance System\app.py:735]
2026-01-10 21:13:42,840 ERROR: Error in face recognition: 'FaceRecognitionSystem' object has no attribute 'last_recognition_time' [in d:\Real-Time Face Recognition Attendance System\app.py:735]
2026-01-10 21:13:43,440 ERROR: Error in face recognition: 'FaceRecognitionSystem' object has no attribute 'last_recognition_time' [in d:\Real-Time Face Recognition Attendance System\app.py:735]
2026-01-10 21:13:44,078 ERROR: Error in face recognition: 'FaceRecognitionSystem' object has no attribute 'last_recognition_time' [in d:\Real-Time Face Recognition Attendance System\app.py:735]
2026-01-10 21:13:44,687 ERROR: Error in face recognition: 'FaceRecognitionSystem' object has no attribute 'last_recognition_time' [in d:\Real-Time Face Recognition Attendance System\app.py:735]
2026-01-10 21:13:45,294 ERROR: Error in face recognition: 'FaceRecognitionSystem' object has no attribute 'last_recognition_time' [in d:\Real-Time Face Recognition Attendance System\app.py:735]
2026-01-10 21:13:45,918 ERROR: Error in face recognition: 'FaceRecognitionSystem' object has no attribute 'last_recognition_time' [in d:\Real-Time Face Recognition Attendance System\app.py:735]
2026-01-10 21:13:46,517 ERROR: Error in face recognition: 'FaceRecognitionSystem' object has no attribute 'last_recognition_time' [in d:\Real-Time Face Recognition Attendance System\app.py:735]
2026-01-10 21:13:47,121 ERROR: Error in face recognition: 'FaceRecognitionSystem' object has no attribute 'last_recognition_time' [in d:\Real-Time Face Recognition Attendance System\app.py:735]
2026-01-10 21:13:47,729 ERROR: Error in face recognition: 'FaceRecognitionSystem' object has no attribute 'last_recognition_time' [in d:\Real-Time Face Recognition Attendance System\app.py:735]
2026-01-10 21:13:48,351 ERROR: Error in face recognition: 'FaceRecognitionSystem' object has no attribute 'last_recognition_time' [in d:\Real-Time Face Recognition Attendance System\app.py:735]
2026-01-10 21:13:48,979 ERROR: Error in face recognition: 'FaceRecognitionSystem' object has no attribute 'last_recognition_time' [in d:\Real-Time Face Recognition Attendance System\app.py:735]
2026-01-10 21:13:49,638 ERROR: Error in face recognition: 'FaceRecognitionSystem' object has no attribute 'last_recognition_time' [in d:\Real-Time Face Recognition Attendance System\app.py:735]
2026-01-10 21:13:50,252 ERROR: Error in face recognition: 'FaceRecognitionSystem' object has no attribute 'last_recognition_time' [in d:\Real-Time Face Recognition Attendance System\app.py:735]
2026-01-10 21:13:50,836 ERROR: Error in face recognition: 'FaceRecognitionSystem' object has no attribute 'last_recognition_time' [in d:\Real-Time Face Recognition Attendance System\app.py:735]
2026-01-10 21:13:51,476 ERROR: Error in face recognition: 'FaceRecognitionSystem' object has no attribute 'last_recognition_time' [in d:\Real-Time Face Recognition Attendance System\app.py:735]
2026-01-10 21:13:52,095 ERROR: Error in face recognition: 'FaceRecognitionSystem' object has no attribute 'last_recognition_time' [in d:\Real-Time Face Recognition Attendance System\app.py:735]
2026-01-10 21:13:52,734 ERROR: Error in face recognition: 'FaceRecognitionSystem' object has no attribute 'last_recognition_time' [in d:\Real-Time Face Recognition Attendance System\app.py:735]
2026-01-10 21:13:53,358 ERROR: Error in face recognition: 'FaceRecognitionSystem' object has no attribute 'last_recognition_time' [in d:\Real-Time Face Recognition Attendance System\app.py:735]
2026-01-10 21:13:55,932 ERROR: Error in face recognition: 'FaceRecognitionSystem' object has no attribute 'last_recognition_time' [in d:\Real-Time Face Recognition Attendance System\app.py:735]
2026-01-10 21:14:01,721 INFO: Camera stop requested by user admin [in d:\Real-Time Face Recognition Attendance System\app.py:1119]
2026-01-10 21:14:01,722 INFO: Camera stop signal sent [in d:\Real-Time Face Recognition Attendance System\app.py:588]
2026-01-10 21:14:01,743 INFO: Video frame generation ended [in d:\Real-Time Face Recognition Attendance System\app.py:1079]
2026-01-10 21:15:25,368 INFO: Attendance System startup [in d:\Real-Time Face Recognition Attendance System\app.py:1248]
2026-01-10 21:16:36,344 INFO: Attendance System startup [in d:\Real-Time Face Recognition Attendance System\app.py:1257]
2026-01-10 21:16:44,676 INFO: Attendance System startup [in d:\Real-Time Face Recognition Attendance System\app.py:1262]
2026-01-10 21:16:52,382 INFO: Attendance System startup [in d:\Real-Time Face Recognition Attendance System\app.py:1270]
2026-01-10 21:18:33,992 INFO: Camera started with optimized settings: [in d:\Real-Time Face Recognition Attendance System\app.py:577]
2026-01-10 21:18:33,993 INFO:   - Color Space: RGB (Standard) for skin-tone segmentation [in d:\Real-Time Face Recognition Attendance System\app.py:578]
2026-01-10 21:18:33,993 INFO:   - Brightness: Balanced (50%) to avoid clipping [in d:\Real-Time Face Recognition Attendance System\app.py:579]
2026-01-10 21:18:33,993 INFO:   - Gamma: 2.2 (applied in preprocessing) [in d:\Real-Time Face Recognition Attendance System\app.py:580]
2026-01-10 21:18:33,994 INFO:   - Preprocessing: CLAHE for contrast enhancement [in d:\Real-Time Face Recognition Attendance System\app.py:581]
2026-01-10 21:19:00,212 ERROR: Error in face recognition: 'FaceRecognitionSystem' object has no attribute 'last_recognition_time' [in d:\Real-Time Face Recognition Attendance System\app.py:740]
2026-01-10 21:19:10,228 ERROR: Error in face recognition: 'FaceRecognitionSystem' object has no attribute 'last_recognition_time' [in d:\Real-Time Face Recognition Attendance System\app.py:740]
2026-01-10 21:19:10,899 ERROR: Error in face recognition: 'FaceRecognitionSystem' object has no attribute 'last_recognition_time' [in d:\Real-Time Face Recognition Attendance System\app.py:740]
2026-01-10 21:19:22,515 ERROR: Error in face recognition: 'FaceRecognitionSystem' object has no attribute 'last_recognition_time' [in d:\Real-Time Face Recognition Attendance System\app.py:740]
2026-01-10 21:19:23,183 ERROR: Error in face recognition: 'FaceRecognitionSystem' object has no attribute 'last_recognition_time' [in d:\Real-Time Face Recognition Attendance System\app.py:740]
2026-01-10 21:19:27,958 ERROR: Error in face recognition: 'FaceRecognitionSystem' object has no attribute 'last_recognition_time' [in d:\Real-Time Face Recognition Attendance System\app.py:740]
2026-01-10 21:19:29,910 ERROR: Error in face recognition: 'FaceRecognitionSystem' object has no attribute 'last_recognition_time' [in d:\Real-Time Face Recognition Attendance System\app.py:740]
2026-01-10 21:20:11,035 ERROR: Error in face recognition: 'FaceRecognitionSystem' object has no attribute 'last_recognition_time' [in d:\Real-Time Face Recognition Attendance System\app.py:740]
2026-01-10 21:20:14,017 ERROR: Error in face recognition: 'FaceRecognitionSystem' object has no attribute 'last_recognition_time' [in d:\Real-Time Face Recognition Attendance System\app.py:740]
2026-01-10 21:20:53,070 ERROR: Error in face recognition: 'FaceRecognitionSystem' object has no attribute 'last_recognition_time' [in d:\Real-Time Face Recognition Attendance System\app.py:740]
2026-01-10 21:20:57,330 INFO: Video frame generation ended [in d:\Real-Time Face Recognition Attendance System\app.py:1101]
2026-01-10 21:22:05,514 INFO: Camera stop requested by user admin [in d:\Real-Time Face Recognition Attendance System\app.py:1141]
2026-01-10 21:22:05,515 INFO: Camera stop signal sent [in d:\Real-Time Face Recognition Attendance System\app.py:593]
2026-01-10 21:22:05,536 INFO: Video frame generation ended [in d:\Real-Time Face Recognition Attendance System\app.py:1101]
2026-01-10 21:22:05,552 INFO: Camera stop detected, exiting video generation loop [in d:\Real-Time Face Recognition Attendance System\app.py:1042]
2026-01-10 21:22:05,552 INFO: Video frame generation ended [in d:\Real-Time Face Recognition Attendance System\app.py:1101]
2026-01-10 21:22:12,043 INFO: Attendance System startup [in d:\Real-Time Face Recognition Attendance System\app.py:1291]
2026-01-10 21:22:20,227 INFO: Attendance System startup [in d:\Real-Time Face Recognition Attendance System\app.py:1291]
2026-01-10 21:22:27,740 INFO: Attendance System startup [in d:\Real-Time Face Recognition Attendance System\app.py:1293]
2026-01-10 21:22:55,668 INFO: Attendance System startup [in d:\Real-Time Face Recognition Attendance System\app.py:1295]
2026-01-10 21:24:26,904 ERROR: Error starting camera: module 'cv2' has no attribute 'CAP_MODE_BGR' [in d:\Real-Time Face Recognition Attendance System\app.py:585]
2026-01-10 21:24:26,913 ERROR: Error in video feed: module 'cv2' has no attribute 'CAP_MODE_BGR' [in d:\Real-Time Face Recognition Attendance System\app.py:1139]
2026-01-10 21:25:26,358 ERROR: Error starting camera: module 'cv2' has no attribute 'CAP_MODE_BGR' [in d:\Real-Time Face Recognition Attendance System\app.py:585]
2026-01-10 21:25:26,370 ERROR: Error in video feed: module 'cv2' has no attribute 'CAP_MODE_BGR' [in d:\Real-Time Face Recognition Attendance System\app.py:1139]
2026-01-10 21:26:51,954 INFO: Attendance System startup [in d:\Real-Time Face Recognition Attendance System\app.py:1293]
2026-01-10 21:26:58,041 INFO: Attendance System startup [in d:\Real-Time Face Recognition Attendance System\app.py:1291]
2026-01-10 21:27:09,948 INFO: Attendance System startup [in d:\Real-Time Face Recognition Attendance System\app.py:1286]
2026-01-10 21:28:46,052 INFO: Attendance System startup [in d:\Real-Time Face Recognition Attendance System\app.py:1286]
2026-01-10 21:28:46,225 INFO: Attendance System startup [in D:\Real-Time Face Recognition Attendance System\app.py:1286]
2026-01-10 21:28:50,460 INFO: Attendance System startup [in D:\Real-Time Face Recognition Attendance System\app.py:1286]
2026-01-10 21:34:13,282 INFO: Attendance System startup [in d:\Real-Time Face Recognition Attendance System\app.py:1286]
2026-01-10 21:34:18,449 INFO: Attendance System startup [in d:\Real-Time Face Recognition Attendance System\app.py:1286]
2026-01-10 21:35:06,600 INFO: Camera started with optimized settings: [in d:\Real-Time Face Recognition Attendance System\app.py:577]
2026-01-10 21:35:06,601 INFO:   - Color Space: RGB (Standard) for skin-tone segmentation [in d:\Real-Time Face Recognition Attendance System\app.py:578]
2026-01-10 21:35:06,601 INFO:   - Brightness: Balanced (50%) to avoid clipping [in d:\Real-Time Face Recognition Attendance System\app.py:579]
2026-01-10 21:35:06,602 INFO:   - Gamma: 2.2 (applied in preprocessing) [in d:\Real-Time Face Recognition Attendance System\app.py:580]
2026-01-10 21:35:06,603 INFO:   - Preprocessing: CLAHE for contrast enhancement [in d:\Real-Time Face Recognition Attendance System\app.py:581]
2026-01-10 21:35:31,188 INFO: Video frame generation ended [in d:\Real-Time Face Recognition Attendance System\app.py:1117]
2026-01-10 21:35:54,400 ERROR: Error in face recognition: 'FaceRecognitionSystem' object has no attribute 'last_recognition_time' [in d:\Real-Time Face Recognition Attendance System\app.py:740]
2026-01-10 21:35:55,055 ERROR: Error in face recognition: 'FaceRecognitionSystem' object has no attribute 'last_recognition_time' [in d:\Real-Time Face Recognition Attendance System\app.py:740]
2026-01-10 21:36:07,159 INFO: Camera stop requested by user admin [in d:\Real-Time Face Recognition Attendance System\app.py:1157]
2026-01-10 21:36:07,160 INFO: Camera stop signal sent [in d:\Real-Time Face Recognition Attendance System\app.py:593]
2026-01-10 21:36:07,192 INFO: Camera stop detected, exiting video generation loop [in d:\Real-Time Face Recognition Attendance System\app.py:1042]
2026-01-10 21:36:07,192 INFO: Video frame generation ended [in d:\Real-Time Face Recognition Attendance System\app.py:1117]
2026-01-10 21:38:50,327 INFO: Camera started with optimized settings: [in d:\Real-Time Face Recognition Attendance System\app.py:577]
2026-01-10 21:38:50,327 INFO:   - Color Space: RGB (Standard) for skin-tone segmentation [in d:\Real-Time Face Recognition Attendance System\app.py:578]
2026-01-10 21:38:50,327 INFO:   - Brightness: Balanced (50%) to avoid clipping [in d:\Real-Time Face Recognition Attendance System\app.py:579]
2026-01-10 21:38:50,328 INFO:   - Gamma: 2.2 (applied in preprocessing) [in d:\Real-Time Face Recognition Attendance System\app.py:580]
2026-01-10 21:38:50,328 INFO:   - Preprocessing: CLAHE for contrast enhancement [in d:\Real-Time Face Recognition Attendance System\app.py:581]
2026-01-10 21:38:53,719 INFO: Video frame generation ended [in d:\Real-Time Face Recognition Attendance System\app.py:1117]
2026-01-10 21:39:21,630 INFO: Camera stop requested by user admin [in d:\Real-Time Face Recognition Attendance System\app.py:1157]
2026-01-10 21:39:21,631 INFO: Camera stop signal sent [in d:\Real-Time Face Recognition Attendance System\app.py:593]
2026-01-10 21:39:22,548 INFO: Camera stop detected, exiting video generation loop [in d:\Real-Time Face Recognition Attendance System\app.py:1042]
2026-01-10 21:39:22,548 INFO: Video frame generation ended [in d:\Real-Time Face Recognition Attendance System\app.py:1117]
2026-01-10 21:39:22,553 INFO: Video frame generation ended [in d:\Real-Time Face Recognition Attendance System\app.py:1117]
2026-01-10 21:39:44,033 INFO: Attendance System startup [in d:\Real-Time Face Recognition Attendance System\app.py:1292]
2026-01-10 21:39:51,134 INFO: Attendance System startup [in d:\Real-Time Face Recognition Attendance System\app.py:1292]
2026-01-10 21:40:02,206 INFO: Attendance System startup [in d:\Real-Time Face Recognition Attendance System\app.py:1292]
2026-01-10 21:40:13,600 INFO: Attendance System startup [in d:\Real-Time Face Recognition Attendance System\app.py:1292]
2026-01-10 21:40:34,489 INFO: Attendance System startup [in d:\Real-Time Face Recognition Attendance System\app.py:1297]
2026-01-10 21:41:08,653 INFO: Attendance System startup [in D:\Real-Time Face Recognition Attendance System\app.py:1297]
2026-01-10 21:41:13,318 INFO: Attendance System startup [in D:\Real-Time Face Recognition Attendance System\app.py:1297]
2026-01-10 21:41:17,749 INFO: Attendance System startup [in d:\Real-Time Face Recognition Attendance System\app.py:1297]
2026-01-10 21:47:29,761 INFO: Attendance System startup [in d:\Real-Time Face Recognition Attendance System\app.py:1297]
2026-01-10 21:47:35,169 INFO: Attendance System startup [in d:\Real-Time Face Recognition Attendance System\app.py:1297]
2026-01-10 21:48:17,421 INFO: Camera started with optimized settings: [in d:\Real-Time Face Recognition Attendance System\app.py:577]
2026-01-10 21:48:17,421 INFO:   - Color Space: RGB (Standard) for skin-tone segmentation [in d:\Real-Time Face Recognition Attendance System\app.py:578]
2026-01-10 21:48:17,422 INFO:   - Brightness: Balanced (50%) to avoid clipping [in d:\Real-Time Face Recognition Attendance System\app.py:579]
2026-01-10 21:48:17,423 INFO:   - Gamma: 2.2 (applied in preprocessing) [in d:\Real-Time Face Recognition Attendance System\app.py:580]
2026-01-10 21:48:17,423 INFO:   - Preprocessing: CLAHE for contrast enhancement [in d:\Real-Time Face Recognition Attendance System\app.py:581]
2026-01-10 21:48:18,893 INFO: Face matched: ARYAN with distance 0.5773 [in d:\Real-Time Face Recognition Attendance System\app.py:703]
2026-01-10 21:48:18,926 INFO: Attendance marked for ARYAN (EMP002) [in d:\Real-Time Face Recognition Attendance System\app.py:723]
2026-01-10 21:48:19,818 INFO: Face matched: ARYAN with distance 0.5623 [in d:\Real-Time Face Recognition Attendance System\app.py:703]
2026-01-10 21:48:40,666 INFO: Face matched: Arav Panchal with distance 0.5949 [in d:\Real-Time Face Recognition Attendance System\app.py:703]
2026-01-10 21:48:40,675 INFO: Attendance marked for Arav Panchal (EMP005) [in d:\Real-Time Face Recognition Attendance System\app.py:723]
2026-01-10 21:48:41,326 INFO: Face matched: Arav Panchal with distance 0.5787 [in d:\Real-Time Face Recognition Attendance System\app.py:703]
2026-01-10 21:49:13,859 INFO: Face matched: Siddhi Panchal with distance 0.5015 [in d:\Real-Time Face Recognition Attendance System\app.py:703]
2026-01-10 21:49:13,875 INFO: Attendance marked for Siddhi Panchal (EMP003) [in d:\Real-Time Face Recognition Attendance System\app.py:723]
2026-01-10 21:49:14,523 INFO: Face matched: Siddhi Panchal with distance 0.5077 [in d:\Real-Time Face Recognition Attendance System\app.py:703]
2026-01-10 21:49:15,158 INFO: Face matched: Siddhi Panchal with distance 0.5120 [in d:\Real-Time Face Recognition Attendance System\app.py:703]
2026-01-10 21:49:15,792 INFO: Face matched: Siddhi Panchal with distance 0.4942 [in d:\Real-Time Face Recognition Attendance System\app.py:703]
2026-01-10 21:49:17,016 INFO: Face matched: Siddhi Panchal with distance 0.5168 [in d:\Real-Time Face Recognition Attendance System\app.py:703]
2026-01-10 21:49:19,407 INFO: Face matched: ARYAN with distance 0.5974 [in d:\Real-Time Face Recognition Attendance System\app.py:703]
2026-01-10 21:49:20,540 INFO: Face matched: ARYAN with distance 0.5929 [in d:\Real-Time Face Recognition Attendance System\app.py:703]
2026-01-10 21:49:21,186 INFO: Face matched: Aryan Panchal with distance 0.5743 [in d:\Real-Time Face Recognition Attendance System\app.py:703]
2026-01-10 21:49:21,201 INFO: Attendance marked for Aryan Panchal (EMP001) [in d:\Real-Time Face Recognition Attendance System\app.py:723]
2026-01-10 21:49:21,832 INFO: Face matched: Aryan Panchal with distance 0.5849 [in d:\Real-Time Face Recognition Attendance System\app.py:703]
2026-01-10 21:49:26,416 INFO: Face matched: ARYAN with distance 0.5969 [in d:\Real-Time Face Recognition Attendance System\app.py:703]
2026-01-10 21:49:29,900 INFO: Camera stop requested by user admin [in d:\Real-Time Face Recognition Attendance System\app.py:1168]
2026-01-10 21:49:29,900 INFO: Camera stop signal sent [in d:\Real-Time Face Recognition Attendance System\app.py:593]
2026-01-10 21:49:29,909 INFO: Camera stop detected, exiting video generation loop [in d:\Real-Time Face Recognition Attendance System\app.py:1047]
2026-01-10 21:49:29,909 INFO: Video frame generation ended [in d:\Real-Time Face Recognition Attendance System\app.py:1128]
2026-01-10 21:49:37,476 ERROR: Error in attendance view: 'str' object has no attribute 'strftime' [in d:\Real-Time Face Recognition Attendance System\app.py:971]
2026-01-10 21:49:44,167 ERROR: Error in attendance view: 'str' object has no attribute 'strftime' [in d:\Real-Time Face Recognition Attendance System\app.py:971]
2026-01-10 21:50:42,189 ERROR: Error in attendance view: 'str' object has no attribute 'strftime' [in d:\Real-Time Face Recognition Attendance System\app.py:971]
2026-01-10 21:52:13,189 INFO: Camera stop requested by user admin [in d:\Real-Time Face Recognition Attendance System\app.py:1168]
2026-01-10 21:52:58,218 INFO: Camera started with optimized settings: [in d:\Real-Time Face Recognition Attendance System\app.py:577]
2026-01-10 21:52:58,219 INFO:   - Color Space: RGB (Standard) for skin-tone segmentation [in d:\Real-Time Face Recognition Attendance System\app.py:578]
2026-01-10 21:52:58,219 INFO:   - Brightness: Balanced (50%) to avoid clipping [in d:\Real-Time Face Recognition Attendance System\app.py:579]
2026-01-10 21:52:58,219 INFO:   - Gamma: 2.2 (applied in preprocessing) [in d:\Real-Time Face Recognition Attendance System\app.py:580]
2026-01-10 21:52:58,220 INFO:   - Preprocessing: CLAHE for contrast enhancement [in d:\Real-Time Face Recognition Attendance System\app.py:581]
2026-01-10 21:52:58,220 INFO: Camera stop signal sent [in d:\Real-Time Face Recognition Attendance System\app.py:593]
2026-01-10 21:52:58,221 INFO: Camera stop requested, not starting video generation [in d:\Real-Time Face Recognition Attendance System\app.py:1031]
2026-01-10 21:53:48,828 INFO: Attendance System startup [in d:\Real-Time Face Recognition Attendance System\app.py:1306]
2026-01-10 21:54:06,759 INFO: Attendance System startup [in d:\Real-Time Face Recognition Attendance System\app.py:1317]
2026-01-10 21:54:26,104 INFO: Attendance System startup [in d:\Real-Time Face Recognition Attendance System\app.py:1329]
2026-01-10 21:55:44,094 INFO: Attendance System startup [in D:\Real-Time Face Recognition Attendance System\app.py:1329]
2026-01-10 21:55:48,587 INFO: Attendance System startup [in D:\Real-Time Face Recognition Attendance System\app.py:1329]
2026-01-10 21:58:14,176 INFO: Attendance System startup [in d:\Real-Time Face Recognition Attendance System\app.py:1329]
2026-01-10 21:58:20,159 INFO: Attendance System startup [in d:\Real-Time Face Recognition Attendance System\app.py:1329]
2026-01-10 21:58:36,036 ERROR: Error in attendance view: 'str' object has no attribute 'strftime' [in D:\Real-Time Face Recognition Attendance System\app.py:992]
2026-01-10 21:59:21,147 INFO: Camera started with optimized settings: [in D:\Real-Time Face Recognition Attendance System\app.py:577]
2026-01-10 21:59:21,148 INFO:   - Color Space: RGB (Standard) for skin-tone segmentation [in D:\Real-Time Face Recognition Attendance System\app.py:578]
2026-01-10 21:59:21,148 INFO:   - Brightness: Balanced (50%) to avoid clipping [in D:\Real-Time Face Recognition Attendance System\app.py:579]
2026-01-10 21:59:21,148 INFO:   - Gamma: 2.2 (applied in preprocessing) [in D:\Real-Time Face Recognition Attendance System\app.py:580]
2026-01-10 21:59:21,148 INFO:   - Preprocessing: CLAHE for contrast enhancement [in D:\Real-Time Face Recognition Attendance System\app.py:581]
2026-01-10 21:59:22,493 INFO: Face matched: Aryan Panchal with distance 0.5559 [in D:\Real-Time Face Recognition Attendance System\app.py:703]
2026-01-10 21:59:24,369 INFO: Face matched: Aryan Panchal with distance 0.5913 [in D:\Real-Time Face Recognition Attendance System\app.py:703]
2026-01-10 21:59:26,200 INFO: Face matched: Aryan Panchal with distance 0.5229 [in D:\Real-Time Face Recognition Attendance System\app.py:703]
2026-01-10 21:59:28,424 INFO: Face matched: Aryan Panchal with distance 0.5584 [in D:\Real-Time Face Recognition Attendance System\app.py:703]
2026-01-10 21:59:30,308 INFO: Face matched: Aryan Panchal with distance 0.5696 [in D:\Real-Time Face Recognition Attendance System\app.py:703]
2026-01-10 21:59:31,556 INFO: Face matched: Aryan Panchal with distance 0.5122 [in D:\Real-Time Face Recognition Attendance System\app.py:703]
2026-01-10 21:59:32,853 INFO: Face matched: Aryan Panchal with distance 0.4993 [in D:\Real-Time Face Recognition Attendance System\app.py:703]
2026-01-10 21:59:36,423 INFO: Face matched: Aryan Panchal with distance 0.5394 [in D:\Real-Time Face Recognition Attendance System\app.py:703]
2026-01-10 21:59:37,204 INFO: Face matched: Aryan Panchal with distance 0.4902 [in D:\Real-Time Face Recognition Attendance System\app.py:703]
2026-01-10 21:59:37,841 INFO: Face matched: Aryan Panchal with distance 0.5035 [in D:\Real-Time Face Recognition Attendance System\app.py:703]
2026-01-10 21:59:38,451 INFO: Face matched: Aryan Panchal with distance 0.4849 [in D:\Real-Time Face Recognition Attendance System\app.py:703]
2026-01-10 21:59:39,081 INFO: Face matched: Aryan Panchal with distance 0.4988 [in D:\Real-Time Face Recognition Attendance System\app.py:703]
2026-01-10 21:59:39,768 INFO: Face matched: Aryan Panchal with distance 0.5104 [in D:\Real-Time Face Recognition Attendance System\app.py:703]
2026-01-10 21:59:40,468 INFO: Face matched: Aryan Panchal with distance 0.5590 [in D:\Real-Time Face Recognition Attendance System\app.py:703]
2026-01-10 21:59:42,447 INFO: Face matched: Aryan Panchal with distance 0.5388 [in D:\Real-Time Face Recognition Attendance System\app.py:703]
2026-01-10 21:59:44,088 INFO: Face matched: Aryan Panchal with distance 0.4904 [in D:\Real-Time Face Recognition Attendance System\app.py:703]
2026-01-10 21:59:57,669 INFO: Face matched: Arav Panchal with distance 0.4487 [in D:\Real-Time Face Recognition Attendance System\app.py:703]
2026-01-10 21:59:58,359 INFO: Face matched: Arav Panchal with distance 0.5657 [in D:\Real-Time Face Recognition Attendance System\app.py:703]
2026-01-10 21:59:59,266 INFO: Face matched: Arav Panchal with distance 0.5509 [in D:\Real-Time Face Recognition Attendance System\app.py:703]
2026-01-10 21:59:59,914 INFO: Face matched: Arav Panchal with distance 0.5038 [in D:\Real-Time Face Recognition Attendance System\app.py:703]
2026-01-10 22:00:00,515 INFO: Face matched: Arav Panchal with distance 0.5559 [in D:\Real-Time Face Recognition Attendance System\app.py:703]
2026-01-10 22:00:01,150 INFO: Face matched: Arav Panchal with distance 0.5546 [in D:\Real-Time Face Recognition Attendance System\app.py:703]
2026-01-10 22:00:01,790 INFO: Face matched: Arav Panchal with distance 0.5441 [in D:\Real-Time Face Recognition Attendance System\app.py:703]
2026-01-10 22:00:02,439 INFO: Face matched: Arav Panchal with distance 0.5520 [in D:\Real-Time Face Recognition Attendance System\app.py:703]
2026-01-10 22:00:03,075 INFO: Face matched: Arav Panchal with distance 0.4917 [in D:\Real-Time Face Recognition Attendance System\app.py:703]
2026-01-10 22:00:04,645 INFO: Face matched: Arav Panchal with distance 0.5277 [in D:\Real-Time Face Recognition Attendance System\app.py:703]
2026-01-10 22:00:05,866 INFO: Face matched: Aryan Panchal with distance 0.5363 [in D:\Real-Time Face Recognition Attendance System\app.py:703]
2026-01-10 22:00:09,354 INFO: Face matched: Aryan Panchal with distance 0.5438 [in D:\Real-Time Face Recognition Attendance System\app.py:703]
2026-01-10 22:00:10,233 INFO: Face matched: Aryan Panchal with distance 0.5303 [in D:\Real-Time Face Recognition Attendance System\app.py:703]
2026-01-10 22:00:10,872 INFO: Face matched: Aryan Panchal with distance 0.5172 [in D:\Real-Time Face Recognition Attendance System\app.py:703]
2026-01-10 22:00:12,250 INFO: Face matched: Aryan Panchal with distance 0.5748 [in D:\Real-Time Face Recognition Attendance System\app.py:703]
2026-01-10 22:00:15,912 INFO: Face matched: Aryan Panchal with distance 0.5719 [in D:\Real-Time Face Recognition Attendance System\app.py:703]
2026-01-10 22:00:17,153 INFO: Face matched: Aryan Panchal with distance 0.5685 [in D:\Real-Time Face Recognition Attendance System\app.py:703]
2026-01-10 22:00:19,139 INFO: Face matched: Arav Panchal with distance 0.5927 [in D:\Real-Time Face Recognition Attendance System\app.py:703]
2026-01-10 22:00:22,931 INFO: Camera stop requested by user admin [in D:\Real-Time Face Recognition Attendance System\app.py:1189]
2026-01-10 22:00:22,931 INFO: Camera stop signal sent [in D:\Real-Time Face Recognition Attendance System\app.py:593]
2026-01-10 22:00:22,936 INFO: Video frame generation ended [in D:\Real-Time Face Recognition Attendance System\app.py:1149]
